22:11:12.706 INFO - Selenium build info: version: '3.4.0', revision: 'unknown'
22:11:12.709 INFO - Launching a standalone Selenium Server
2017-05-29 22:11:12.785:INFO::main: Logging initialized @1065ms to org.seleniumhq.jetty9.util.log.StdErrLog
22:11:12.970 INFO - Driver provider org.openqa.selenium.ie.InternetExplorerDriver registration is skipped:
 registration capabilities Capabilities [{ensureCleanSession=true, browserName=internet explorer, version=, platform=WINDOWS}] does not match the current platform LINUX
22:11:12.971 INFO - Driver provider org.openqa.selenium.edge.EdgeDriver registration is skipped:
 registration capabilities Capabilities [{browserName=MicrosoftEdge, version=, platform=WINDOWS}] does not match the current platform LINUX
22:11:12.971 INFO - Driver class not found: com.opera.core.systems.OperaDriver
22:11:12.972 INFO - Driver provider com.opera.core.systems.OperaDriver registration is skipped:
Unable to create new instances on this machine.
22:11:12.972 INFO - Driver class not found: com.opera.core.systems.OperaDriver
22:11:12.973 INFO - Driver provider com.opera.core.systems.OperaDriver is not registered
22:11:12.975 INFO - Driver provider org.openqa.selenium.safari.SafariDriver registration is skipped:
 registration capabilities Capabilities [{browserName=safari, version=, platform=MAC}] does not match the current platform LINUX
2017-05-29 22:11:13.159:INFO:osjs.Server:main: jetty-9.4.3.v20170317
2017-05-29 22:11:13.288:INFO:osjsh.ContextHandler:main: Started o.s.j.s.ServletContextHandler@1bce4f0a{/,null,AVAILABLE}
2017-05-29 22:11:13.372:INFO:osjs.AbstractConnector:main: Started ServerConnector@73ad2d6{HTTP/1.1,[http/1.1]}{0.0.0.0:4444}
2017-05-29 22:11:13.375:INFO:osjs.Server:main: Started @1655ms
22:11:13.375 INFO - Selenium Server is up and running
22:11:14.173 INFO - SessionCleaner initialized with insideBrowserTimeout 0 and clientGoneTimeout 1800000 polling every 180000
22:11:14.292 INFO - Executing: [new session: Capabilities [{acceptSslCerts=true, marionette=true, name=Party Wedding Demo Test, browserName=firefox, javascriptEnabled=true, platform=ANY}]])
22:11:14.372 INFO - Creating a new session for Capabilities [{acceptSslCerts=true, marionette=true, name=Party Wedding Demo Test, browserName=firefox, javascriptEnabled=true, platform=ANY}]
1496063475436	geckodriver	INFO	Listening on 127.0.0.1:19500
1496063475967	geckodriver::marionette	INFO	Starting browser /usr/lib/firefox/firefox with args ["-marionette"]
1496063482851	Marionette	INFO	Listening on port 36985
22:11:24.267 INFO - Detected dialect: W3C
22:11:24.337 INFO - Done: [new session: Capabilities [{acceptSslCerts=true, marionette=true, name=Party Wedding Demo Test, browserName=firefox, javascriptEnabled=true, platform=ANY}]]
22:11:24.399 INFO - Executing: [get: http://wedding.gnavi.co.jp/site/2/test05/])
22:11:30.654 INFO - Done: [get: http://wedding.gnavi.co.jp/site/2/test05/]
22:11:30.688 INFO - Executing: [find elements: By.cssSelector: body])
22:11:30.813 INFO - Done: [find elements: By.cssSelector: body]
22:11:30.830 INFO - Executing: [is displayed: 0 [[FirefoxDriver: firefox on ANY (2efeb26f-b7d7-4082-bac0-2fd2d3e3e00b)] -> css selector: body]])
22:11:31.111 INFO - Done: [is displayed: 0 [[FirefoxDriver: firefox on ANY (2efeb26f-b7d7-4082-bac0-2fd2d3e3e00b)] -> css selector: body]]
22:11:31.126 INFO - Executing: [get title])
22:11:31.174 INFO - Done: [get title]
22:11:31.192 INFO - Executing: [find element: By.cssSelector: li.navi02])
22:11:31.224 INFO - Done: [find element: By.cssSelector: li.navi02]
22:11:31.236 INFO - Executing: [click: 1 [[FirefoxDriver: firefox on ANY (2efeb26f-b7d7-4082-bac0-2fd2d3e3e00b)] -> css selector: li.navi02]])
22:11:31.403 INFO - Done: [click: 1 [[FirefoxDriver: firefox on ANY (2efeb26f-b7d7-4082-bac0-2fd2d3e3e00b)] -> css selector: li.navi02]]
22:11:31.418 INFO - Executing: [find elements: By.cssSelector: body])
22:11:31.512 INFO - Done: [find elements: By.cssSelector: body]
22:11:31.528 INFO - Executing: [is displayed: 0 [[FirefoxDriver: firefox on ANY (2efeb26f-b7d7-4082-bac0-2fd2d3e3e00b)] -> css selector: body]])
22:11:33.679 WARN - Exception thrown
org.openqa.selenium.StaleElementReferenceException: The element reference of <body class="gnavi-wedding-partyWedding"> stale: either the element is no longer attached to the DOM or the page has been refreshed
For documentation on this error, please visit: http://seleniumhq.org/exceptions/stale_element_reference.html
Build info: version: '3.4.0', revision: 'unknown', time: 'unknown'
System info: host: 'satoshi-Quawks', ip: '127.0.1.1', os.name: 'Linux', os.arch: 'amd64', os.version: '4.8.17-galliumos', java.version: '1.8.0_131'
Driver info: org.openqa.selenium.firefox.FirefoxDriver
Capabilities [{moz:profile=/tmp/rust_mozprofile.ZM9uZ2LGStOA, rotatable=false, timeouts={implicit=0.0, pageLoad=300000.0, script=30000.0}, pageLoadStrategy=normal, platform=ANY, specificationLevel=0.0, moz:accessibilityChecks=false, acceptInsecureCerts=false, browserVersion=53.0.3, platformVersion=4.8.17-galliumos, moz:processID=29196.0, browserName=firefox, javascriptEnabled=true, platformName=linux}]
Session ID: 2efeb26f-b7d7-4082-bac0-2fd2d3e3e00b
	at sun.reflect.NativeConstructorAccessorImpl.newInstance0(Native Method)
	at sun.reflect.NativeConstructorAccessorImpl.newInstance(NativeConstructorAccessorImpl.java:62)
	at sun.reflect.DelegatingConstructorAccessorImpl.newInstance(DelegatingConstructorAccessorImpl.java:45)
	at java.lang.reflect.Constructor.newInstance(Constructor.java:423)
	at org.openqa.selenium.remote.http.W3CHttpResponseCodec.createException(W3CHttpResponseCodec.java:150)
	at org.openqa.selenium.remote.http.W3CHttpResponseCodec.decode(W3CHttpResponseCodec.java:115)
	at org.openqa.selenium.remote.http.W3CHttpResponseCodec.decode(W3CHttpResponseCodec.java:45)
	at org.openqa.selenium.remote.HttpCommandExecutor.execute(HttpCommandExecutor.java:164)
	at org.openqa.selenium.remote.service.DriverCommandExecutor.execute(DriverCommandExecutor.java:82)
	at org.openqa.selenium.remote.RemoteWebDriver.execute(RemoteWebDriver.java:637)
	at org.openqa.selenium.remote.RemoteWebElement.execute(RemoteWebElement.java:272)
	at org.openqa.selenium.remote.RemoteWebElement.isDisplayed(RemoteWebElement.java:313)
	at sun.reflect.NativeMethodAccessorImpl.invoke0(Native Method)
	at sun.reflect.NativeMethodAccessorImpl.invoke(NativeMethodAccessorImpl.java:62)
	at sun.reflect.DelegatingMethodAccessorImpl.invoke(DelegatingMethodAccessorImpl.java:43)
	at java.lang.reflect.Method.invoke(Method.java:498)
	at org.openqa.selenium.support.events.EventFiringWebDriver$EventFiringWebElement$1.invoke(EventFiringWebDriver.java:332)
	at com.sun.proxy.$Proxy5.isDisplayed(Unknown Source)
	at org.openqa.selenium.support.events.EventFiringWebDriver$EventFiringWebElement.isDisplayed(EventFiringWebDriver.java:386)
	at sun.reflect.NativeMethodAccessorImpl.invoke0(Native Method)
	at sun.reflect.NativeMethodAccessorImpl.invoke(NativeMethodAccessorImpl.java:62)
	at sun.reflect.DelegatingMethodAccessorImpl.invoke(DelegatingMethodAccessorImpl.java:43)
	at java.lang.reflect.Method.invoke(Method.java:498)
	at org.openqa.selenium.remote.server.KnownElements$1.invoke(KnownElements.java:64)
	at com.sun.proxy.$Proxy6.isDisplayed(Unknown Source)
	at org.openqa.selenium.remote.server.handler.GetElementDisplayed.call(GetElementDisplayed.java:32)
	at org.openqa.selenium.remote.server.handler.GetElementDisplayed.call(GetElementDisplayed.java:23)
	at java.util.concurrent.FutureTask.run(FutureTask.java:266)
	at org.openqa.selenium.remote.server.DefaultSession$1.run(DefaultSession.java:176)
	at java.util.concurrent.ThreadPoolExecutor.runWorker(ThreadPoolExecutor.java:1142)
	at java.util.concurrent.ThreadPoolExecutor$Worker.run(ThreadPoolExecutor.java:617)
	at java.lang.Thread.run(Thread.java:748)
22:11:33.688 WARN - Exception: The element reference of <body class="gnavi-wedding-partyWedding"> stale: either the element is no longer attached to the DOM or the page has been refreshed
For documentation on this error, please visit: http://seleniumhq.org/exceptions/stale_element_reference.html
Build info: version: '3.4.0', revision: 'unknown', time: 'unknown'
System info: host: 'satoshi-Quawks', ip: '127.0.1.1', os.name: 'Linux', os.arch: 'amd64', os.version: '4.8.17-galliumos', java.version: '1.8.0_131'
Driver info: org.openqa.selenium.firefox.FirefoxDriver
Capabilities [{moz:profile=/tmp/rust_mozprofile.ZM9uZ2LGStOA, rotatable=false, timeouts={implicit=0.0, pageLoad=300000.0, script=30000.0}, pageLoadStrategy=normal, platform=ANY, specificationLevel=0.0, moz:accessibilityChecks=false, acceptInsecureCerts=false, browserVersion=53.0.3, platformVersion=4.8.17-galliumos, moz:processID=29196.0, browserName=firefox, javascriptEnabled=true, platformName=linux}]
Session ID: 2efeb26f-b7d7-4082-bac0-2fd2d3e3e00b
22:11:34.072 INFO - Executing: [find elements: By.cssSelector: body])
22:11:34.200 INFO - Done: [find elements: By.cssSelector: body]
22:11:34.219 INFO - Executing: [is displayed: 2 [[FirefoxDriver: firefox on ANY (2efeb26f-b7d7-4082-bac0-2fd2d3e3e00b)] -> css selector: body]])
22:11:34.633 INFO - Done: [is displayed: 2 [[FirefoxDriver: firefox on ANY (2efeb26f-b7d7-4082-bac0-2fd2d3e3e00b)] -> css selector: body]]
22:11:34.706 INFO - Executing: [get title])
22:11:34.789 INFO - Done: [get title]
22:11:34.812 INFO - Executing: [delete session: 4550da34-8e19-48ec-8434-168baebf9943])
1496063494837	Marionette	INFO	New connections will no longer be accepted
[Child 29263] WARNING: pipe error (3): 接続が相手からリセットされました: file /build/firefox-IKSm1A/firefox-53.0.3+build1/ipc/chromium/src/chrome/common/ipc_channel_posix.cc, line 346
22:11:35.022 INFO - Done: [delete session: 4550da34-8e19-48ec-8434-168baebf9943]
